1690444689472|15|statement|connection 1|url jdbc:mysql://localhost:3306/shelter?characterEncoding=UTF-8&characterSetResults=UTF-8|     drop table if exists hibernate_sequence|     drop table if exists hibernate_sequence
1690444689479|6|statement|connection 1|url jdbc:mysql://localhost:3306/shelter?characterEncoding=UTF-8&characterSetResults=UTF-8|     drop table if exists shelter|     drop table if exists shelter
1690444689493|10|statement|connection 2|url jdbc:mysql://localhost:3306/shelter?characterEncoding=UTF-8&characterSetResults=UTF-8|     create table hibernate_sequence (        next_val bigint     ) engine=InnoDB|     create table hibernate_sequence (        next_val bigint     ) engine=InnoDB
1690444689496|2|statement|connection 2|url jdbc:mysql://localhost:3306/shelter?characterEncoding=UTF-8&characterSetResults=UTF-8|     insert into hibernate_sequence values ( 1 )|     insert into hibernate_sequence values ( 1 )
1690444689510|11|statement|connection 2|url jdbc:mysql://localhost:3306/shelter?characterEncoding=UTF-8&characterSetResults=UTF-8|     create table shelter (        id bigint not null,         capacity integer not null,         latitude decimal(19,2),         longitude decimal(19,2),         name varchar(255) not null,         primary key (id)     ) engine=InnoDB|     create table shelter (        id bigint not null,         capacity integer not null,         latitude decimal(19,2),         longitude decimal(19,2),         name varchar(255) not null,         primary key (id)     ) engine=InnoDB
1690444691130|13|statement|connection 4|url jdbc:mysql://localhost:3306/shelter?characterEncoding=UTF-8&characterSetResults=UTF-8|select next_val as id_val from hibernate_sequence for update|select next_val as id_val from hibernate_sequence for update
1690444691135|2|statement|connection 4|url jdbc:mysql://localhost:3306/shelter?characterEncoding=UTF-8&characterSetResults=UTF-8|update hibernate_sequence set next_val= ? where next_val=?|update hibernate_sequence set next_val= 2 where next_val=1
1690444691138|2|commit|connection 4|url jdbc:mysql://localhost:3306/shelter?characterEncoding=UTF-8&characterSetResults=UTF-8||
1690444691254|3|statement|connection 3|url jdbc:mysql://localhost:3306/shelter?characterEncoding=UTF-8&characterSetResults=UTF-8|insert into shelter (capacity, latitude, longitude, name, id) values (?, ?, ?, ?, ?)|insert into shelter (capacity, latitude, longitude, name, id) values (0, NULL, NULL, '대피소1', 1)
1690444691258|1|commit|connection 3|url jdbc:mysql://localhost:3306/shelter?characterEncoding=UTF-8&characterSetResults=UTF-8||
1690444827300|7|statement|connection 1|url jdbc:mysql://localhost:3306/shelter?characterEncoding=UTF-8&characterSetResults=UTF-8|     drop table if exists hibernate_sequence|     drop table if exists hibernate_sequence
1690444827304|4|statement|connection 1|url jdbc:mysql://localhost:3306/shelter?characterEncoding=UTF-8&characterSetResults=UTF-8|     drop table if exists shelter|     drop table if exists shelter
1690444827316|9|statement|connection 2|url jdbc:mysql://localhost:3306/shelter?characterEncoding=UTF-8&characterSetResults=UTF-8|     create table hibernate_sequence (        next_val bigint     ) engine=InnoDB|     create table hibernate_sequence (        next_val bigint     ) engine=InnoDB
1690444827319|2|statement|connection 2|url jdbc:mysql://localhost:3306/shelter?characterEncoding=UTF-8&characterSetResults=UTF-8|     insert into hibernate_sequence values ( 1 )|     insert into hibernate_sequence values ( 1 )
1690444827328|8|statement|connection 2|url jdbc:mysql://localhost:3306/shelter?characterEncoding=UTF-8&characterSetResults=UTF-8|     create table shelter (        id bigint not null,         capacity integer not null,         latitude decimal(19,2),         longitude decimal(19,2),         name varchar(255) not null,         primary key (id)     ) engine=InnoDB|     create table shelter (        id bigint not null,         capacity integer not null,         latitude decimal(19,2),         longitude decimal(19,2),         name varchar(255) not null,         primary key (id)     ) engine=InnoDB
1690444828690|9|statement|connection 4|url jdbc:mysql://localhost:3306/shelter?characterEncoding=UTF-8&characterSetResults=UTF-8|select next_val as id_val from hibernate_sequence for update|select next_val as id_val from hibernate_sequence for update
1690444828692|0|statement|connection 4|url jdbc:mysql://localhost:3306/shelter?characterEncoding=UTF-8&characterSetResults=UTF-8|update hibernate_sequence set next_val= ? where next_val=?|update hibernate_sequence set next_val= 2 where next_val=1
1690444828700|8|commit|connection 4|url jdbc:mysql://localhost:3306/shelter?characterEncoding=UTF-8&characterSetResults=UTF-8||
1690444828782|1|statement|connection 3|url jdbc:mysql://localhost:3306/shelter?characterEncoding=UTF-8&characterSetResults=UTF-8|insert into shelter (capacity, latitude, longitude, name, id) values (?, ?, ?, ?, ?)|insert into shelter (capacity, latitude, longitude, name, id) values (0, NULL, NULL, '대피소1', 1)
1690444828785|1|commit|connection 3|url jdbc:mysql://localhost:3306/shelter?characterEncoding=UTF-8&characterSetResults=UTF-8||
